This file contains any messages produced by compilers while
running configure, to aid debugging if configure makes a mistake.

It was created by mate-indicator-applet configure 1.24.0, which was
generated by GNU Autoconf 2.69.  Invocation command line was

  $ ./configure --enable-maintainer-mode --with-ubuntu-indicators

## --------- ##
## Platform. ##
## --------- ##

hostname = mattmayfield-Darter-Pro
uname -m = x86_64
uname -r = 5.4.0-18-generic
uname -s = Linux
uname -v = #22-Ubuntu SMP Sat Mar 7 18:13:06 UTC 2020

/usr/bin/uname -p = x86_64
/bin/uname -X     = unknown

/bin/arch              = x86_64
/usr/bin/arch -k       = unknown
/usr/convex/getsysinfo = unknown
/usr/bin/hostinfo      = unknown
/bin/machine           = unknown
/usr/bin/oslevel       = unknown
/bin/universe          = unknown

PATH: /usr/local/sbin
PATH: /usr/local/bin
PATH: /usr/sbin
PATH: /usr/bin
PATH: /sbin
PATH: /bin
PATH: /usr/games
PATH: /usr/local/games
PATH: /snap/bin


## ----------- ##
## Core tests. ##
## ----------- ##

configure:2289: checking for a BSD-compatible install
configure:2357: result: /usr/bin/install -c
configure:2368: checking whether build environment is sane
configure:2423: result: yes
configure:2572: checking for a thread-safe mkdir -p
configure:2611: result: /usr/bin/mkdir -p
configure:2618: checking for gawk
configure:2648: result: no
configure:2618: checking for mawk
configure:2634: found /usr/bin/mawk
configure:2645: result: mawk
configure:2656: checking whether make sets $(MAKE)
configure:2678: result: yes
configure:2707: checking whether make supports nested variables
configure:2724: result: yes
configure:2852: checking whether to enable maintainer-specific portions of Makefiles
configure:2861: result: yes
configure:2885: checking whether make supports nested variables
configure:2902: result: yes
configure:2962: checking for gcc
configure:2978: found /usr/bin/gcc
configure:2989: result: gcc
configure:3218: checking for C compiler version
configure:3227: gcc --version >&5
gcc (Ubuntu 9.3.0-8ubuntu1) 9.3.0
Copyright (C) 2019 Free Software Foundation, Inc.
This is free software; see the source for copying conditions.  There is NO
warranty; not even for MERCHANTABILITY or FITNESS FOR A PARTICULAR PURPOSE.

configure:3238: $? = 0
configure:3227: gcc -v >&5
Using built-in specs.
COLLECT_GCC=gcc
COLLECT_LTO_WRAPPER=/usr/lib/gcc/x86_64-linux-gnu/9/lto-wrapper
OFFLOAD_TARGET_NAMES=nvptx-none:hsa
OFFLOAD_TARGET_DEFAULT=1
Target: x86_64-linux-gnu
Configured with: ../src/configure -v --with-pkgversion='Ubuntu 9.3.0-8ubuntu1' --with-bugurl=file:///usr/share/doc/gcc-9/README.Bugs --enable-languages=c,ada,c++,go,brig,d,fortran,objc,obj-c++,gm2 --prefix=/usr --with-gcc-major-version-only --program-suffix=-9 --program-prefix=x86_64-linux-gnu- --enable-shared --enable-linker-build-id --libexecdir=/usr/lib --without-included-gettext --enable-threads=posix --libdir=/usr/lib --enable-nls --enable-clocale=gnu --enable-libstdcxx-debug --enable-libstdcxx-time=yes --with-default-libstdcxx-abi=new --enable-gnu-unique-object --disable-vtable-verify --enable-plugin --enable-default-pie --with-system-zlib --with-target-system-zlib=auto --enable-objc-gc=auto --enable-multiarch --disable-werror --with-arch-32=i686 --with-abi=m64 --with-multilib-list=m32,m64,mx32 --enable-multilib --with-tune=generic --enable-offload-targets=nvptx-none,hsa --without-cuda-driver --enable-checking=release --build=x86_64-linux-gnu --host=x86_64-linux-gnu --target=x86_64-linux-gnu
Thread model: posix
gcc version 9.3.0 (Ubuntu 9.3.0-8ubuntu1) 
configure:3238: $? = 0
configure:3227: gcc -V >&5
gcc: error: unrecognized command line option '-V'
gcc: fatal error: no input files
compilation terminated.
configure:3238: $? = 1
configure:3227: gcc -qversion >&5
gcc: error: unrecognized command line option '-qversion'; did you mean '--version'?
gcc: fatal error: no input files
compilation terminated.
configure:3238: $? = 1
configure:3258: checking whether the C compiler works
configure:3280: gcc    conftest.c  >&5
configure:3284: $? = 0
configure:3332: result: yes
configure:3335: checking for C compiler default output file name
configure:3337: result: a.out
configure:3343: checking for suffix of executables
configure:3350: gcc -o conftest    conftest.c  >&5
configure:3354: $? = 0
configure:3376: result: 
configure:3398: checking whether we are cross compiling
configure:3406: gcc -o conftest    conftest.c  >&5
configure:3410: $? = 0
configure:3417: ./conftest
configure:3421: $? = 0
configure:3409: result: no
configure:3414: checking for suffix of object files
configure:3436: gcc -c   conftest.c >&5
configure:3440: $? = 0
configure:3461: result: o
configure:3465: checking whether we are using the GNU C compiler
configure:3484: gcc -c   conftest.c >&5
configure:3484: $? = 0
configure:3493: result: yes
configure:3502: checking whether gcc accepts -g
configure:3522: gcc -c -g  conftest.c >&5
configure:3522: $? = 0
configure:3563: result: yes
configure:3580: checking for gcc option to accept ISO C89
configure:3643: gcc  -c -g -O2  conftest.c >&5
configure:3643: $? = 0
configure:3656: result: none needed
configure:3681: checking whether gcc understands -c and -o together
configure:3703: gcc -c conftest.c -o conftest2.o
configure:3706: $? = 0
configure:3703: gcc -c conftest.c -o conftest2.o
configure:3706: $? = 0
configure:3718: result: yes
configure:3738: checking whether make supports the include directive
configure:3753: make -f confmf.GNU && cat confinc.out
this is the am__doit target
configure:3756: $? = 0
configure:3775: result: yes (GNU style)
configure:3800: checking dependency style of gcc
configure:3911: result: gcc3
configure:3933: checking how to run the C preprocessor
configure:3964: gcc -E  conftest.c
configure:3964: $? = 0
configure:3978: gcc -E  conftest.c
conftest.c:11:10: fatal error: ac_nonexistent.h: No such file or directory
   11 | #include <ac_nonexistent.h>
      |          ^~~~~~~~~~~~~~~~~~
compilation terminated.
configure:3978: $? = 1
configure: failed program was:
| /* confdefs.h */
| #define PACKAGE_NAME "mate-indicator-applet"
| #define PACKAGE_TARNAME "mate-indicator-applet"
| #define PACKAGE_VERSION "1.24.0"
| #define PACKAGE_STRING "mate-indicator-applet 1.24.0"
| #define PACKAGE_BUGREPORT "https://github.com/mate-desktop/mate-indicator-applet/issues"
| #define PACKAGE_URL ""
| #define PACKAGE "mate-indicator-applet"
| #define VERSION "1.24.0"
| /* end confdefs.h.  */
| #include <ac_nonexistent.h>
configure:4003: result: gcc -E
configure:4023: gcc -E  conftest.c
configure:4023: $? = 0
configure:4037: gcc -E  conftest.c
conftest.c:11:10: fatal error: ac_nonexistent.h: No such file or directory
   11 | #include <ac_nonexistent.h>
      |          ^~~~~~~~~~~~~~~~~~
compilation terminated.
configure:4037: $? = 1
configure: failed program was:
| /* confdefs.h */
| #define PACKAGE_NAME "mate-indicator-applet"
| #define PACKAGE_TARNAME "mate-indicator-applet"
| #define PACKAGE_VERSION "1.24.0"
| #define PACKAGE_STRING "mate-indicator-applet 1.24.0"
| #define PACKAGE_BUGREPORT "https://github.com/mate-desktop/mate-indicator-applet/issues"
| #define PACKAGE_URL ""
| #define PACKAGE "mate-indicator-applet"
| #define VERSION "1.24.0"
| /* end confdefs.h.  */
| #include <ac_nonexistent.h>
configure:4066: checking for grep that handles long lines and -e
configure:4124: result: /usr/bin/grep
configure:4129: checking for egrep
configure:4191: result: /usr/bin/grep -E
configure:4196: checking for ANSI C header files
configure:4216: gcc -c -g -O2  conftest.c >&5
configure:4216: $? = 0
configure:4289: gcc -o conftest -g -O2   conftest.c  >&5
configure:4289: $? = 0
configure:4289: ./conftest
configure:4289: $? = 0
configure:4300: result: yes
configure:4337: checking build system type
configure:4351: result: x86_64-pc-linux-gnu
configure:4371: checking host system type
configure:4384: result: x86_64-pc-linux-gnu
configure:4425: checking how to print strings
configure:4452: result: printf
configure:4473: checking for a sed that does not truncate output
configure:4537: result: /usr/bin/sed
configure:4555: checking for fgrep
configure:4617: result: /usr/bin/grep -F
configure:4652: checking for ld used by gcc
configure:4719: result: /usr/bin/ld
configure:4726: checking if the linker (/usr/bin/ld) is GNU ld
configure:4741: result: yes
configure:4753: checking for BSD- or MS-compatible name lister (nm)
configure:4807: result: /usr/bin/nm -B
configure:4937: checking the name lister (/usr/bin/nm -B) interface
configure:4944: gcc -c -g -O2  conftest.c >&5
configure:4947: /usr/bin/nm -B "conftest.o"
configure:4950: output
0000000000000000 B some_variable
configure:4951: result: BSD nm
configure:4954: checking whether ln -s works
configure:4958: result: yes
configure:4966: checking the maximum length of command line arguments
configure:5097: result: 1572864
configure:5145: checking how to convert x86_64-pc-linux-gnu file names to x86_64-pc-linux-gnu format
configure:5185: result: func_convert_file_noop
configure:5192: checking how to convert x86_64-pc-linux-gnu file names to toolchain format
configure:5212: result: func_convert_file_noop
configure:5219: checking for /usr/bin/ld option to reload object files
configure:5226: result: -r
configure:5300: checking for objdump
configure:5316: found /usr/bin/objdump
configure:5327: result: objdump
configure:5359: checking how to recognize dependent libraries
configure:5559: result: pass_all
configure:5644: checking for dlltool
configure:5674: result: no
configure:5704: checking how to associate runtime and link libraries
configure:5731: result: printf %s\n
configure:5791: checking for ar
configure:5807: found /usr/bin/ar
configure:5818: result: ar
configure:5855: checking for archiver @FILE support
configure:5872: gcc -c -g -O2  conftest.c >&5
configure:5872: $? = 0
configure:5875: ar cr libconftest.a @conftest.lst >&5
configure:5878: $? = 0
configure:5883: ar cr libconftest.a @conftest.lst >&5
ar: conftest.o: No such file or directory
configure:5886: $? = 1
configure:5885: result: @
configure:5943: checking for strip
configure:5959: found /usr/bin/strip
configure:5970: result: strip
configure:6042: checking for ranlib
configure:6058: found /usr/bin/ranlib
configure:6069: result: ranlib
configure:6171: checking command to parse /usr/bin/nm -B output from gcc object
configure:6324: gcc -c -g -O2  conftest.c >&5
configure:6327: $? = 0
configure:6331: /usr/bin/nm -B conftest.o | sed -n -e 's/^.*[	 ]\([ABCDGIRSTW][ABCDGIRSTW]*\)[	 ][	 ]*\([_A-Za-z][_A-Za-z0-9]*\)$/\1 \2 \2/p' | sed '/ __gnu_lto/d' > conftest.nm
configure:6397: gcc -o conftest -g -O2   conftest.c conftstm.o >&5
configure:6400: $? = 0
configure:6438: result: ok
configure:6485: checking for sysroot
configure:6515: result: no
configure:6522: checking for a working dd
configure:6560: result: /usr/bin/dd
configure:6564: checking how to truncate binary pipes
configure:6579: result: /usr/bin/dd bs=4096 count=1
configure:6715: gcc -c -g -O2  conftest.c >&5
configure:6718: $? = 0
configure:6908: checking for mt
configure:6924: found /usr/bin/mt
configure:6935: result: mt
configure:6958: checking if mt is a manifest tool
configure:6964: mt '-?'
configure:6972: result: no
configure:7649: checking for sys/types.h
configure:7649: gcc -c -g -O2  conftest.c >&5
configure:7649: $? = 0
configure:7649: result: yes
configure:7649: checking for sys/stat.h
configure:7649: gcc -c -g -O2  conftest.c >&5
configure:7649: $? = 0
configure:7649: result: yes
configure:7649: checking for stdlib.h
configure:7649: gcc -c -g -O2  conftest.c >&5
configure:7649: $? = 0
configure:7649: result: yes
configure:7649: checking for string.h
configure:7649: gcc -c -g -O2  conftest.c >&5
configure:7649: $? = 0
configure:7649: result: yes
configure:7649: checking for memory.h
configure:7649: gcc -c -g -O2  conftest.c >&5
configure:7649: $? = 0
configure:7649: result: yes
configure:7649: checking for strings.h
configure:7649: gcc -c -g -O2  conftest.c >&5
configure:7649: $? = 0
configure:7649: result: yes
configure:7649: checking for inttypes.h
configure:7649: gcc -c -g -O2  conftest.c >&5
configure:7649: $? = 0
configure:7649: result: yes
configure:7649: checking for stdint.h
configure:7649: gcc -c -g -O2  conftest.c >&5
configure:7649: $? = 0
configure:7649: result: yes
configure:7649: checking for unistd.h
configure:7649: gcc -c -g -O2  conftest.c >&5
configure:7649: $? = 0
configure:7649: result: yes
configure:7663: checking for dlfcn.h
configure:7663: gcc -c -g -O2  conftest.c >&5
configure:7663: $? = 0
configure:7663: result: yes
configure:7919: checking for objdir
configure:7934: result: .libs
configure:8198: checking if gcc supports -fno-rtti -fno-exceptions
configure:8216: gcc -c -g -O2  -fno-rtti -fno-exceptions conftest.c >&5
cc1: warning: command line option '-fno-rtti' is valid for C++/D/ObjC++ but not for C
configure:8220: $? = 0
configure:8233: result: no
configure:8597: checking for gcc option to produce PIC
configure:8604: result: -fPIC -DPIC
configure:8612: checking if gcc PIC flag -fPIC -DPIC works
configure:8630: gcc -c -g -O2  -fPIC -DPIC -DPIC conftest.c >&5
configure:8634: $? = 0
configure:8647: result: yes
configure:8676: checking if gcc static flag -static works
configure:8704: result: yes
configure:8719: checking if gcc supports -c -o file.o
configure:8740: gcc -c -g -O2  -o out/conftest2.o conftest.c >&5
configure:8744: $? = 0
configure:8766: result: yes
configure:8774: checking if gcc supports -c -o file.o
configure:8821: result: yes
configure:8854: checking whether the gcc linker (/usr/bin/ld -m elf_x86_64) supports shared libraries
configure:10117: result: yes
configure:10154: checking whether -lc should be explicitly linked in
configure:10162: gcc -c -g -O2  conftest.c >&5
configure:10165: $? = 0
configure:10180: gcc -shared  -fPIC -DPIC conftest.o  -v -Wl,-soname -Wl,conftest -o conftest 2\>\&1 \| /usr/bin/grep  -lc  \>/dev/null 2\>\&1
configure:10183: $? = 0
configure:10197: result: no
configure:10357: checking dynamic linker characteristics
configure:10938: gcc -o conftest -g -O2   -Wl,-rpath -Wl,/foo conftest.c  >&5
configure:10938: $? = 0
configure:11187: result: GNU/Linux ld.so
configure:11309: checking how to hardcode library paths into programs
configure:11334: result: immediate
configure:11882: checking whether stripping libraries is possible
configure:11887: result: yes
configure:11922: checking if libtool supports shared libraries
configure:11924: result: yes
configure:11927: checking whether to build shared libraries
configure:11952: result: yes
configure:11955: checking whether to build static libraries
configure:11959: result: yes
configure:8787: checking whether make supports nested variables
configure:8804: result: yes
configure:8883: checking for pkg-config
configure:8901: found /usr/bin/pkg-config
configure:8913: result: /usr/bin/pkg-config
configure:8938: checking pkg-config is at least version 0.9.0
configure:8941: result: yes
configure:8951: checking for APPLET
configure:8961: $PKG_CONFIG --exists --print-errors "gtk+-3.0 >= $GTK_REQUIRED_VERSION
                          x11
                          libmatepanelapplet-4.0 >= $PANEL_REQUIRED_VERSION
                          "
configure:8967: $? = 0
configure:8987: $PKG_CONFIG --exists --print-errors "gtk+-3.0 >= $GTK_REQUIRED_VERSION
                          x11
                          libmatepanelapplet-4.0 >= $PANEL_REQUIRED_VERSION
                          "
configure:8993: $? = 0
configure:9063: result: yes
configure:9098: $PKG_CONFIG --exists --print-errors "ayatana-indicator3-0.4"
Package ayatana-indicator3-0.4 was not found in the pkg-config search path.
Perhaps you should add the directory containing `ayatana-indicator3-0.4.pc'
to the PKG_CONFIG_PATH environment variable
No package 'ayatana-indicator3-0.4' found
configure:9101: $? = 1
configure:9109: $PKG_CONFIG --exists --print-errors "ayatana-indicator3-0.4 >= $AYATANA_INDICATOR_NG_VERSION"
Package ayatana-indicator3-0.4 was not found in the pkg-config search path.
Perhaps you should add the directory containing `ayatana-indicator3-0.4.pc'
to the PKG_CONFIG_PATH environment variable
No package 'ayatana-indicator3-0.4' found
configure:9112: $? = 1
configure:9124: $PKG_CONFIG --exists --print-errors "indicator3-0.4"
configure:9127: $? = 0
configure:9135: $PKG_CONFIG --exists --print-errors "indicator3-0.4 >= $UBUNTU_INDICATOR_NG_VERSION"
configure:9138: $? = 0
configure:9456: Using Ubuntu Indicators for this build.
configure:9463: checking for UBUNTU_INDICATOR_NG
configure:9471: $PKG_CONFIG --exists --print-errors "indicator3-0.4 >= $UBUNTU_INDICATOR_NG_VERSION
                          libido3-0.1 >= 13.10"
configure:9475: $? = 0
configure:9491: $PKG_CONFIG --exists --print-errors "indicator3-0.4 >= $UBUNTU_INDICATOR_NG_VERSION
                          libido3-0.1 >= 13.10"
configure:9495: $? = 0
configure:9557: result: yes
configure:9713: checking whether NLS is requested
configure:9722: result: yes
configure:9762: checking for msgfmt
configure: trying /usr/bin/msgfmt...
0 translated messages.
configure:9794: result: /usr/bin/msgfmt
configure:9803: checking for gmsgfmt
configure:9834: result: /usr/bin/msgfmt
configure:9884: checking for xgettext
configure: trying /usr/bin/xgettext...
/usr/bin/xgettext: warning: file '/dev/null' extension '' is unknown; will try C
configure:9916: result: /usr/bin/xgettext
configure:9961: checking for msgmerge
configure: trying /usr/bin/msgmerge...
configure:9992: result: /usr/bin/msgmerge
configure:10050: checking for ld used by gcc
configure:10117: result: /usr/bin/ld -m elf_x86_64
configure:10124: checking if the linker (/usr/bin/ld -m elf_x86_64) is GNU ld
configure:10139: result: yes
configure:10146: checking for shared library run path origin
configure:10159: result: done
configure:10731: checking for CFPreferencesCopyAppValue
configure:10749: gcc -o conftest -g -O2   conftest.c  -Wl,-framework -Wl,CoreFoundation >&5
conftest.c:25:10: fatal error: CoreFoundation/CFPreferences.h: No such file or directory
   25 | #include <CoreFoundation/CFPreferences.h>
      |          ^~~~~~~~~~~~~~~~~~~~~~~~~~~~~~~~
compilation terminated.
configure:10749: $? = 1
configure: failed program was:
| /* confdefs.h */
| #define PACKAGE_NAME "mate-indicator-applet"
| #define PACKAGE_TARNAME "mate-indicator-applet"
| #define PACKAGE_VERSION "1.24.0"
| #define PACKAGE_STRING "mate-indicator-applet 1.24.0"
| #define PACKAGE_BUGREPORT "https://github.com/mate-desktop/mate-indicator-applet/issues"
| #define PACKAGE_URL ""
| #define PACKAGE "mate-indicator-applet"
| #define VERSION "1.24.0"
| #define STDC_HEADERS 1
| #define HAVE_SYS_TYPES_H 1
| #define HAVE_SYS_STAT_H 1
| #define HAVE_STDLIB_H 1
| #define HAVE_STRING_H 1
| #define HAVE_MEMORY_H 1
| #define HAVE_STRINGS_H 1
| #define HAVE_INTTYPES_H 1
| #define HAVE_STDINT_H 1
| #define HAVE_UNISTD_H 1
| #define HAVE_DLFCN_H 1
| #define LT_OBJDIR ".libs/"
| #define HAVE_UBUNTU_INDICATOR 1
| #define HAVE_UBUNTU_INDICATOR_NG 1
| /* end confdefs.h.  */
| #include <CoreFoundation/CFPreferences.h>
| int
| main ()
| {
| CFPreferencesCopyAppValue(NULL, NULL)
|   ;
|   return 0;
| }
configure:10758: result: no
configure:10765: checking for CFLocaleCopyCurrent
configure:10783: gcc -o conftest -g -O2   conftest.c  -Wl,-framework -Wl,CoreFoundation >&5
conftest.c:25:10: fatal error: CoreFoundation/CFLocale.h: No such file or directory
   25 | #include <CoreFoundation/CFLocale.h>
      |          ^~~~~~~~~~~~~~~~~~~~~~~~~~~
compilation terminated.
configure:10783: $? = 1
configure: failed program was:
| /* confdefs.h */
| #define PACKAGE_NAME "mate-indicator-applet"
| #define PACKAGE_TARNAME "mate-indicator-applet"
| #define PACKAGE_VERSION "1.24.0"
| #define PACKAGE_STRING "mate-indicator-applet 1.24.0"
| #define PACKAGE_BUGREPORT "https://github.com/mate-desktop/mate-indicator-applet/issues"
| #define PACKAGE_URL ""
| #define PACKAGE "mate-indicator-applet"
| #define VERSION "1.24.0"
| #define STDC_HEADERS 1
| #define HAVE_SYS_TYPES_H 1
| #define HAVE_SYS_STAT_H 1
| #define HAVE_STDLIB_H 1
| #define HAVE_STRING_H 1
| #define HAVE_MEMORY_H 1
| #define HAVE_STRINGS_H 1
| #define HAVE_INTTYPES_H 1
| #define HAVE_STDINT_H 1
| #define HAVE_UNISTD_H 1
| #define HAVE_DLFCN_H 1
| #define LT_OBJDIR ".libs/"
| #define HAVE_UBUNTU_INDICATOR 1
| #define HAVE_UBUNTU_INDICATOR_NG 1
| /* end confdefs.h.  */
| #include <CoreFoundation/CFLocale.h>
| int
| main ()
| {
| CFLocaleCopyCurrent();
|   ;
|   return 0;
| }
configure:10792: result: no
configure:10841: checking for GNU gettext in libc
configure:10870: gcc -o conftest -g -O2   conftest.c  >&5
configure:10870: $? = 0
configure:10879: result: yes
configure:11726: checking whether to use NLS
configure:11728: result: yes
configure:11731: checking where the gettext function comes from
configure:11742: result: libc
configure:11991: checking that generated files are newer than configure
configure:11997: result: done
configure:12040: creating ./config.status

## ---------------------- ##
## Running config.status. ##
## ---------------------- ##

This file was extended by mate-indicator-applet config.status 1.24.0, which was
generated by GNU Autoconf 2.69.  Invocation command line was

  CONFIG_FILES    = 
  CONFIG_HEADERS  = 
  CONFIG_LINKS    = 
  CONFIG_COMMANDS = 
  $ ./config.status 

on mattmayfield-Darter-Pro

config.status:1156: creating Makefile
config.status:1156: creating src/Makefile
config.status:1156: creating data/Makefile
config.status:1156: creating po/Makefile.in
config.status:1156: creating config.h
config.status:1385: executing depfiles commands
config.status:1462: cd src       && sed -e '/# am--include-marker/d' Makefile         | make -f - am--depfiles
config.status:1467: $? = 0
config.status:1385: executing libtool commands
config.status:1385: executing po-directories commands
configure:14337:

Indicator Applet Configuration:

	Prefix:                         /usr/local
	Indicator implementation:       Ubuntu Indicators
	Indicator NG support:           yes
	Indicator Directory:            /usr/lib/indicators3/7/
	Indicator Icons Directory:      /usr/share/libindicator/icons/


## ---------------- ##
## Cache variables. ##
## ---------------- ##

ac_cv_build=x86_64-pc-linux-gnu
ac_cv_c_compiler_gnu=yes
ac_cv_env_APPLET_CFLAGS_set=
ac_cv_env_APPLET_CFLAGS_value=
ac_cv_env_APPLET_LIBS_set=
ac_cv_env_APPLET_LIBS_value=
ac_cv_env_AYATANA_INDICATOR_CFLAGS_set=
ac_cv_env_AYATANA_INDICATOR_CFLAGS_value=
ac_cv_env_AYATANA_INDICATOR_LIBS_set=
ac_cv_env_AYATANA_INDICATOR_LIBS_value=
ac_cv_env_AYATANA_INDICATOR_NG_CFLAGS_set=
ac_cv_env_AYATANA_INDICATOR_NG_CFLAGS_value=
ac_cv_env_AYATANA_INDICATOR_NG_LIBS_set=
ac_cv_env_AYATANA_INDICATOR_NG_LIBS_value=
ac_cv_env_CC_set=
ac_cv_env_CC_value=
ac_cv_env_CFLAGS_set=
ac_cv_env_CFLAGS_value=
ac_cv_env_CPPFLAGS_set=
ac_cv_env_CPPFLAGS_value=
ac_cv_env_CPP_set=
ac_cv_env_CPP_value=
ac_cv_env_LDFLAGS_set=
ac_cv_env_LDFLAGS_value=
ac_cv_env_LIBS_set=
ac_cv_env_LIBS_value=
ac_cv_env_LT_SYS_LIBRARY_PATH_set=
ac_cv_env_LT_SYS_LIBRARY_PATH_value=
ac_cv_env_PKG_CONFIG_LIBDIR_set=
ac_cv_env_PKG_CONFIG_LIBDIR_value=
ac_cv_env_PKG_CONFIG_PATH_set=
ac_cv_env_PKG_CONFIG_PATH_value=
ac_cv_env_PKG_CONFIG_set=
ac_cv_env_PKG_CONFIG_value=
ac_cv_env_UBUNTU_INDICATOR_CFLAGS_set=
ac_cv_env_UBUNTU_INDICATOR_CFLAGS_value=
ac_cv_env_UBUNTU_INDICATOR_LIBS_set=
ac_cv_env_UBUNTU_INDICATOR_LIBS_value=
ac_cv_env_UBUNTU_INDICATOR_NG_CFLAGS_set=
ac_cv_env_UBUNTU_INDICATOR_NG_CFLAGS_value=
ac_cv_env_UBUNTU_INDICATOR_NG_LIBS_set=
ac_cv_env_UBUNTU_INDICATOR_NG_LIBS_value=
ac_cv_env_build_alias_set=
ac_cv_env_build_alias_value=
ac_cv_env_host_alias_set=
ac_cv_env_host_alias_value=
ac_cv_env_target_alias_set=
ac_cv_env_target_alias_value=
ac_cv_header_dlfcn_h=yes
ac_cv_header_inttypes_h=yes
ac_cv_header_memory_h=yes
ac_cv_header_stdc=yes
ac_cv_header_stdint_h=yes
ac_cv_header_stdlib_h=yes
ac_cv_header_string_h=yes
ac_cv_header_strings_h=yes
ac_cv_header_sys_stat_h=yes
ac_cv_header_sys_types_h=yes
ac_cv_header_unistd_h=yes
ac_cv_host=x86_64-pc-linux-gnu
ac_cv_objext=o
ac_cv_path_EGREP='/usr/bin/grep -E'
ac_cv_path_FGREP='/usr/bin/grep -F'
ac_cv_path_GMSGFMT=/usr/bin/msgfmt
ac_cv_path_GREP=/usr/bin/grep
ac_cv_path_MSGFMT=/usr/bin/msgfmt
ac_cv_path_MSGMERGE=/usr/bin/msgmerge
ac_cv_path_SED=/usr/bin/sed
ac_cv_path_XGETTEXT=/usr/bin/xgettext
ac_cv_path_ac_pt_PKG_CONFIG=/usr/bin/pkg-config
ac_cv_path_install='/usr/bin/install -c'
ac_cv_path_lt_DD=/usr/bin/dd
ac_cv_path_mkdir=/usr/bin/mkdir
ac_cv_prog_AWK=mawk
ac_cv_prog_CPP='gcc -E'
ac_cv_prog_ac_ct_AR=ar
ac_cv_prog_ac_ct_CC=gcc
ac_cv_prog_ac_ct_MANIFEST_TOOL=mt
ac_cv_prog_ac_ct_OBJDUMP=objdump
ac_cv_prog_ac_ct_RANLIB=ranlib
ac_cv_prog_ac_ct_STRIP=strip
ac_cv_prog_cc_c89=
ac_cv_prog_cc_g=yes
ac_cv_prog_make_make_set=yes
acl_cv_hardcode_direct=no
acl_cv_hardcode_libdir_flag_spec='${wl}-rpath ${wl}$libdir'
acl_cv_hardcode_libdir_separator=
acl_cv_hardcode_minus_L=no
acl_cv_libext=a
acl_cv_libname_spec='lib$name'
acl_cv_library_names_spec='$libname$shrext'
acl_cv_path_LD='/usr/bin/ld -m elf_x86_64'
acl_cv_prog_gnu_ld=yes
acl_cv_rpath=done
acl_cv_shlibext=so
acl_cv_wl=-Wl,
am_cv_CC_dependencies_compiler_type=gcc3
am_cv_make_support_nested_variables=yes
am_cv_prog_cc_c_o=yes
gt_cv_func_CFLocaleCopyCurrent=no
gt_cv_func_CFPreferencesCopyAppValue=no
gt_cv_func_gnugettext1_libc=yes
lt_cv_ar_at_file=@
lt_cv_archive_cmds_need_lc=no
lt_cv_deplibs_check_method=pass_all
lt_cv_file_magic_cmd='$MAGIC_CMD'
lt_cv_file_magic_test_file=
lt_cv_ld_reload_flag=-r
lt_cv_nm_interface='BSD nm'
lt_cv_objdir=.libs
lt_cv_path_LD=/usr/bin/ld
lt_cv_path_NM='/usr/bin/nm -B'
lt_cv_path_mainfest_tool=no
lt_cv_prog_compiler_c_o=yes
lt_cv_prog_compiler_pic='-fPIC -DPIC'
lt_cv_prog_compiler_pic_works=yes
lt_cv_prog_compiler_rtti_exceptions=no
lt_cv_prog_compiler_static_works=yes
lt_cv_prog_gnu_ld=yes
lt_cv_sharedlib_from_linklib_cmd='printf %s\n'
lt_cv_shlibpath_overrides_runpath=yes
lt_cv_sys_global_symbol_pipe='sed -n -e '\''s/^.*[	 ]\([ABCDGIRSTW][ABCDGIRSTW]*\)[	 ][	 ]*\([_A-Za-z][_A-Za-z0-9]*\)$/\1 \2 \2/p'\'' | sed '\''/ __gnu_lto/d'\'''
lt_cv_sys_global_symbol_to_c_name_address='sed -n -e '\''s/^: \(.*\) .*$/  {"\1", (void *) 0},/p'\'' -e '\''s/^[ABCDGIRSTW][ABCDGIRSTW]* .* \(.*\)$/  {"\1", (void *) \&\1},/p'\'''
lt_cv_sys_global_symbol_to_c_name_address_lib_prefix='sed -n -e '\''s/^: \(.*\) .*$/  {"\1", (void *) 0},/p'\'' -e '\''s/^[ABCDGIRSTW][ABCDGIRSTW]* .* \(lib.*\)$/  {"\1", (void *) \&\1},/p'\'' -e '\''s/^[ABCDGIRSTW][ABCDGIRSTW]* .* \(.*\)$/  {"lib\1", (void *) \&\1},/p'\'''
lt_cv_sys_global_symbol_to_cdecl='sed -n -e '\''s/^T .* \(.*\)$/extern int \1();/p'\'' -e '\''s/^[ABCDGIRSTW][ABCDGIRSTW]* .* \(.*\)$/extern char \1;/p'\'''
lt_cv_sys_global_symbol_to_import=
lt_cv_sys_max_cmd_len=1572864
lt_cv_to_host_file_cmd=func_convert_file_noop
lt_cv_to_tool_file_cmd=func_convert_file_noop
lt_cv_truncate_bin='/usr/bin/dd bs=4096 count=1'
pkg_cv_APPLET_CFLAGS='-pthread -I/usr/include/mate-panel-4.0/libmate-panel-applet -I/usr/include/gtk-3.0 -I/usr/include/at-spi2-atk/2.0 -I/usr/include/at-spi-2.0 -I/usr/include/dbus-1.0 -I/usr/lib/x86_64-linux-gnu/dbus-1.0/include -I/usr/include/gtk-3.0 -I/usr/include/gio-unix-2.0 -I/usr/include/cairo -I/usr/include/pango-1.0 -I/usr/include/fribidi -I/usr/include/harfbuzz -I/usr/include/atk-1.0 -I/usr/include/cairo -I/usr/include/pixman-1 -I/usr/include/uuid -I/usr/include/freetype2 -I/usr/include/libpng16 -I/usr/include/gdk-pixbuf-2.0 -I/usr/include/libmount -I/usr/include/blkid -I/usr/include/glib-2.0 -I/usr/lib/x86_64-linux-gnu/glib-2.0/include'
pkg_cv_APPLET_LIBS='-lX11 -lmate-panel-applet-4 -lgtk-3 -lgdk-3 -lpangocairo-1.0 -lpango-1.0 -lharfbuzz -latk-1.0 -lcairo-gobject -lcairo -lgdk_pixbuf-2.0 -lgio-2.0 -lgobject-2.0 -lglib-2.0'
pkg_cv_UBUNTU_INDICATOR_NG_CFLAGS='-pthread -I/usr/include/libindicator3-0.4 -I/usr/include/libido3-0.1 -I/usr/include/gtk-3.0 -I/usr/include/at-spi2-atk/2.0 -I/usr/include/at-spi-2.0 -I/usr/include/dbus-1.0 -I/usr/lib/x86_64-linux-gnu/dbus-1.0/include -I/usr/include/gtk-3.0 -I/usr/include/gio-unix-2.0 -I/usr/include/cairo -I/usr/include/pango-1.0 -I/usr/include/fribidi -I/usr/include/harfbuzz -I/usr/include/atk-1.0 -I/usr/include/cairo -I/usr/include/pixman-1 -I/usr/include/uuid -I/usr/include/freetype2 -I/usr/include/libpng16 -I/usr/include/gdk-pixbuf-2.0 -I/usr/include/libmount -I/usr/include/blkid -I/usr/include/glib-2.0 -I/usr/lib/x86_64-linux-gnu/glib-2.0/include'
pkg_cv_UBUNTU_INDICATOR_NG_LIBS='-lindicator3 -lido3-0.1 -lgtk-3 -lgdk-3 -lpangocairo-1.0 -lpango-1.0 -lharfbuzz -latk-1.0 -lcairo-gobject -lcairo -lgdk_pixbuf-2.0 -lgio-2.0 -lgobject-2.0 -lglib-2.0'

## ----------------- ##
## Output variables. ##
## ----------------- ##

ACLOCAL='${SHELL} /home/mattmayfield/Developer/mate-indicator-applet/missing aclocal-1.16 '
AMDEPBACKSLASH='\'
AMDEP_FALSE='#'
AMDEP_TRUE=''
AMTAR='$${TAR-tar}'
AM_BACKSLASH='\'
AM_DEFAULT_V='$(AM_DEFAULT_VERBOSITY)'
AM_DEFAULT_VERBOSITY='0'
AM_V='$(V)'
APPLET_CFLAGS='-pthread -I/usr/include/mate-panel-4.0/libmate-panel-applet -I/usr/include/gtk-3.0 -I/usr/include/at-spi2-atk/2.0 -I/usr/include/at-spi-2.0 -I/usr/include/dbus-1.0 -I/usr/lib/x86_64-linux-gnu/dbus-1.0/include -I/usr/include/gtk-3.0 -I/usr/include/gio-unix-2.0 -I/usr/include/cairo -I/usr/include/pango-1.0 -I/usr/include/fribidi -I/usr/include/harfbuzz -I/usr/include/atk-1.0 -I/usr/include/cairo -I/usr/include/pixman-1 -I/usr/include/uuid -I/usr/include/freetype2 -I/usr/include/libpng16 -I/usr/include/gdk-pixbuf-2.0 -I/usr/include/libmount -I/usr/include/blkid -I/usr/include/glib-2.0 -I/usr/lib/x86_64-linux-gnu/glib-2.0/include'
APPLET_LIBS='-lX11 -lmate-panel-applet-4 -lgtk-3 -lgdk-3 -lpangocairo-1.0 -lpango-1.0 -lharfbuzz -latk-1.0 -lcairo-gobject -lcairo -lgdk_pixbuf-2.0 -lgio-2.0 -lgobject-2.0 -lglib-2.0'
AR='ar'
AUTOCONF='${SHELL} /home/mattmayfield/Developer/mate-indicator-applet/missing autoconf'
AUTOHEADER='${SHELL} /home/mattmayfield/Developer/mate-indicator-applet/missing autoheader'
AUTOMAKE='${SHELL} /home/mattmayfield/Developer/mate-indicator-applet/missing automake-1.16'
AWK='mawk'
AYATANA_INDICATOR_CFLAGS=''
AYATANA_INDICATOR_LIBS=''
AYATANA_INDICATOR_NG_CFLAGS=''
AYATANA_INDICATOR_NG_LIBS=''
CC='gcc'
CCDEPMODE='depmode=gcc3'
CFLAGS='-g -O2'
CPP='gcc -E'
CPPFLAGS=''
CYGPATH_W='echo'
DEFS='-DHAVE_CONFIG_H'
DEPDIR='.deps'
DLLTOOL='false'
DSYMUTIL=''
DUMPBIN=''
ECHO_C=''
ECHO_N='-n'
ECHO_T=''
EGREP='/usr/bin/grep -E'
EXEEXT=''
EXPANDED_SYSCONFDIR='/usr/local/etc'
FGREP='/usr/bin/grep -F'
GETTEXT_MACRO_VERSION='0.19'
GETTEXT_PACKAGE='mate-indicator-applet'
GMSGFMT='/usr/bin/msgfmt'
GMSGFMT_015='/usr/bin/msgfmt'
GREP='/usr/bin/grep'
INDICATORDIR='/usr/lib/indicators3/7/'
INDICATORICONSDIR='/usr/share/libindicator/icons/'
INSTALL_DATA='${INSTALL} -m 644'
INSTALL_PROGRAM='${INSTALL}'
INSTALL_SCRIPT='${INSTALL}'
INSTALL_STRIP_PROGRAM='$(install_sh) -c -s'
INTLLIBS=''
INTL_MACOSX_LIBS=''
LD='/usr/bin/ld -m elf_x86_64'
LDFLAGS=''
LIBDIR='/usr/local/lib'
LIBICONV='-liconv'
LIBINTL=''
LIBOBJS=''
LIBS=''
LIBTOOL='$(SHELL) $(top_builddir)/libtool'
LIPO=''
LN_S='ln -s'
LTLIBICONV='-liconv'
LTLIBINTL=''
LTLIBOBJS=''
LT_SYS_LIBRARY_PATH=''
MAINT=''
MAINTAINER_MODE_FALSE='#'
MAINTAINER_MODE_TRUE=''
MAKEINFO='${SHELL} /home/mattmayfield/Developer/mate-indicator-applet/missing makeinfo'
MANIFEST_TOOL=':'
MATELOCALEDIR='/usr/local/share/locale'
MKDIR_P='/usr/bin/mkdir -p'
MSGFMT='/usr/bin/msgfmt'
MSGFMT_015='/usr/bin/msgfmt'
MSGMERGE='/usr/bin/msgmerge'
NM='/usr/bin/nm -B'
NMEDIT=''
OBJDUMP='objdump'
OBJEXT='o'
OTOOL64=''
OTOOL=''
PACKAGE='mate-indicator-applet'
PACKAGE_BUGREPORT='https://github.com/mate-desktop/mate-indicator-applet/issues'
PACKAGE_NAME='mate-indicator-applet'
PACKAGE_STRING='mate-indicator-applet 1.24.0'
PACKAGE_TARNAME='mate-indicator-applet'
PACKAGE_URL=''
PACKAGE_VERSION='1.24.0'
PATH_SEPARATOR=':'
PKG_CONFIG='/usr/bin/pkg-config'
PKG_CONFIG_LIBDIR=''
PKG_CONFIG_PATH=''
POSUB='po'
PREFIX='/usr/local'
RANLIB='ranlib'
SED='/usr/bin/sed'
SET_MAKE=''
SHELL='/bin/bash'
STRIP='strip'
SYSCONFDIR='/usr/local/etc'
UBUNTU_INDICATOR_CFLAGS=''
UBUNTU_INDICATOR_LIBS=''
UBUNTU_INDICATOR_NG_CFLAGS='-pthread -I/usr/include/libindicator3-0.4 -I/usr/include/libido3-0.1 -I/usr/include/gtk-3.0 -I/usr/include/at-spi2-atk/2.0 -I/usr/include/at-spi-2.0 -I/usr/include/dbus-1.0 -I/usr/lib/x86_64-linux-gnu/dbus-1.0/include -I/usr/include/gtk-3.0 -I/usr/include/gio-unix-2.0 -I/usr/include/cairo -I/usr/include/pango-1.0 -I/usr/include/fribidi -I/usr/include/harfbuzz -I/usr/include/atk-1.0 -I/usr/include/cairo -I/usr/include/pixman-1 -I/usr/include/uuid -I/usr/include/freetype2 -I/usr/include/libpng16 -I/usr/include/gdk-pixbuf-2.0 -I/usr/include/libmount -I/usr/include/blkid -I/usr/include/glib-2.0 -I/usr/lib/x86_64-linux-gnu/glib-2.0/include'
UBUNTU_INDICATOR_NG_LIBS='-lindicator3 -lido3-0.1 -lgtk-3 -lgdk-3 -lpangocairo-1.0 -lpango-1.0 -lharfbuzz -latk-1.0 -lcairo-gobject -lcairo -lgdk_pixbuf-2.0 -lgio-2.0 -lgobject-2.0 -lglib-2.0'
USE_NLS='yes'
VERSION='1.24.0'
WITH_AYATANA_INDICATOR_FALSE=''
WITH_AYATANA_INDICATOR_TRUE='#'
WITH_UBUNTU_INDICATOR_FALSE='#'
WITH_UBUNTU_INDICATOR_TRUE=''
XGETTEXT='/usr/bin/xgettext'
XGETTEXT_015='/usr/bin/xgettext'
XGETTEXT_EXTRA_OPTIONS=''
ac_ct_AR='ar'
ac_ct_CC='gcc'
ac_ct_DUMPBIN=''
am__EXEEXT_FALSE=''
am__EXEEXT_TRUE='#'
am__fastdepCC_FALSE='#'
am__fastdepCC_TRUE=''
am__include='include'
am__isrc=''
am__leading_dot='.'
am__nodep='_no'
am__quote=''
am__tar='$${TAR-tar} chof - "$$tardir"'
am__untar='$${TAR-tar} xf -'
bindir='${exec_prefix}/bin'
build='x86_64-pc-linux-gnu'
build_alias=''
build_cpu='x86_64'
build_os='linux-gnu'
build_vendor='pc'
datadir='${datarootdir}'
datarootdir='${prefix}/share'
docdir='${datarootdir}/doc/${PACKAGE_TARNAME}'
dvidir='${docdir}'
exec_prefix='${prefix}'
host='x86_64-pc-linux-gnu'
host_alias=''
host_cpu='x86_64'
host_os='linux-gnu'
host_vendor='pc'
htmldir='${docdir}'
includedir='${prefix}/include'
infodir='${datarootdir}/info'
install_sh='${SHELL} /home/mattmayfield/Developer/mate-indicator-applet/install-sh'
libdir='${exec_prefix}/lib'
libexecdir='${exec_prefix}/libexec'
localedir='${datarootdir}/locale'
localstatedir='${prefix}/var'
mandir='${datarootdir}/man'
mkdir_p='$(MKDIR_P)'
oldincludedir='/usr/include'
pdfdir='${docdir}'
prefix='/usr/local'
program_transform_name='s,x,x,'
psdir='${docdir}'
runstatedir='${localstatedir}/run'
sbindir='${exec_prefix}/sbin'
sharedstatedir='${prefix}/com'
sysconfdir='${prefix}/etc'
target_alias=''

## ----------- ##
## confdefs.h. ##
## ----------- ##

/* confdefs.h */
#define PACKAGE_NAME "mate-indicator-applet"
#define PACKAGE_TARNAME "mate-indicator-applet"
#define PACKAGE_VERSION "1.24.0"
#define PACKAGE_STRING "mate-indicator-applet 1.24.0"
#define PACKAGE_BUGREPORT "https://github.com/mate-desktop/mate-indicator-applet/issues"
#define PACKAGE_URL ""
#define PACKAGE "mate-indicator-applet"
#define VERSION "1.24.0"
#define STDC_HEADERS 1
#define HAVE_SYS_TYPES_H 1
#define HAVE_SYS_STAT_H 1
#define HAVE_STDLIB_H 1
#define HAVE_STRING_H 1
#define HAVE_MEMORY_H 1
#define HAVE_STRINGS_H 1
#define HAVE_INTTYPES_H 1
#define HAVE_STDINT_H 1
#define HAVE_UNISTD_H 1
#define HAVE_DLFCN_H 1
#define LT_OBJDIR ".libs/"
#define HAVE_UBUNTU_INDICATOR 1
#define HAVE_UBUNTU_INDICATOR_NG 1
#define ENABLE_NLS 1
#define HAVE_GETTEXT 1
#define HAVE_DCGETTEXT 1
#define GETTEXT_PACKAGE "mate-indicator-applet"
#define MATELOCALEDIR "/usr/local/share/locale"
#define PREFIX "/usr/local"
#define SYSCONFDIR "/usr/local/etc"
#define LIBDIR "/usr/local/lib"

configure: exit 0
